<?xml version="1.0" encoding="UTF-8"?>
<!-- Generated by org.testng.reporters.JUnitXMLReporter -->
<testsuite hostname="Helium-Pacs" ignored="0" name="Rest Assured Test" tests="31" failures="11" timestamp="2020-09-10T00:10:38 BST" time="23.892" errors="0">
  <testcase name="checkContentType" time="0.007" classname="com.san.testcases.TC001_Get_All_Employees"/>
  <testcase name="checkResponseBody" time="0.02" classname="com.san.testcases.TC001_Get_All_Employees"/>
  <testcase name="checkResponseTime" time="0.003" classname="com.san.testcases.TC001_Get_All_Employees">
    <failure type="java.lang.AssertionError" message="did not expect to find [true] but found [false]">
      <![CDATA[java.lang.AssertionError: did not expect to find [true] but found [false]
at com.san.testcases.TC001_Get_All_Employees.checkResponseTime(TC001_Get_All_Employees.java:79)
at java.util.ArrayList.forEach(ArrayList.java:1257)
... Removed 31 stack frames]]>
    </failure>
  </testcase> <!-- checkResponseTime -->
  <testcase name="checkServerType" time="0.001" classname="com.san.testcases.TC001_Get_All_Employees"/>
  <testcase name="checkStatusCode" time="0.001" classname="com.san.testcases.TC001_Get_All_Employees"/>
  <testcase name="checkStatusLine" time="0.002" classname="com.san.testcases.TC001_Get_All_Employees"/>
  <testcase name="checkContentLenght" time="0.001" classname="com.san.testcases.TC002_Get_Single_Employee_Record"/>
  <testcase name="checkContentType" time="0.001" classname="com.san.testcases.TC002_Get_Single_Employee_Record">
    <failure type="java.lang.AssertionError" message="expected [text/html; charset=UTF-8] but found [application/json]">
      <![CDATA[java.lang.AssertionError: expected [text/html; charset=UTF-8] but found [application/json]
at com.san.testcases.TC002_Get_Single_Employee_Record.checkContentType(TC002_Get_Single_Employee_Record.java:82)
at java.util.ArrayList.forEach(ArrayList.java:1257)
... Removed 32 stack frames]]>
    </failure>
  </testcase> <!-- checkContentType -->
  <testcase name="checkResponseTime" time="0.0" classname="com.san.testcases.TC002_Get_Single_Employee_Record"/>
  <testcase name="checkResposeBody" time="0.001" classname="com.san.testcases.TC002_Get_Single_Employee_Record"/>
  <testcase name="checkStatusCode" time="0.0" classname="com.san.testcases.TC002_Get_Single_Employee_Record"/>
  <testcase name="checkserverType" time="0.001" classname="com.san.testcases.TC002_Get_Single_Employee_Record">
    <failure type="java.lang.AssertionError" message="expected [nginx/1.16.1] but found [nginx/1.16.0]">
      <![CDATA[java.lang.AssertionError: expected [nginx/1.16.1] but found [nginx/1.16.0]
at com.san.testcases.TC002_Get_Single_Employee_Record.checkserverType(TC002_Get_Single_Employee_Record.java:89)
at java.util.ArrayList.forEach(ArrayList.java:1257)
... Removed 32 stack frames]]>
    </failure>
  </testcase> <!-- checkserverType -->
  <testcase name="checkstatusLine" time="0.001" classname="com.san.testcases.TC002_Get_Single_Employee_Record"/>
  <testcase name="checkContentType" time="0.001" classname="com.san.testcases.TC003_Post_Employee_Record">
    <failure type="java.lang.AssertionError" message="expected [text/html; charset=UTF-8] but found [application/json]">
      <![CDATA[java.lang.AssertionError: expected [text/html; charset=UTF-8] but found [application/json]
at com.san.testcases.TC003_Post_Employee_Record.checkContentType(TC003_Post_Employee_Record.java:98)
at java.util.ArrayList.forEach(ArrayList.java:1257)
... Removed 32 stack frames]]>
    </failure>
  </testcase> <!-- checkContentType -->
  <testcase name="checkResposeBody" time="0.001" classname="com.san.testcases.TC003_Post_Employee_Record"/>
  <testcase name="checkStatusCode" time="0.001" classname="com.san.testcases.TC003_Post_Employee_Record"/>
  <testcase name="checkcontentEncoding" time="0.001" classname="com.san.testcases.TC003_Post_Employee_Record">
    <failure type="java.lang.AssertionError" message="did not expect to find [gzip] but found [null]">
      <![CDATA[java.lang.AssertionError: did not expect to find [gzip] but found [null]
at com.san.testcases.TC003_Post_Employee_Record.checkcontentEncoding(TC003_Post_Employee_Record.java:112)
at java.util.ArrayList.forEach(ArrayList.java:1257)
... Removed 33 stack frames]]>
    </failure>
  </testcase> <!-- checkcontentEncoding -->
  <testcase name="checkserverType" time="0.001" classname="com.san.testcases.TC003_Post_Employee_Record">
    <failure type="java.lang.AssertionError" message="expected [nginx/1.16.1] but found [nginx/1.16.0]">
      <![CDATA[java.lang.AssertionError: expected [nginx/1.16.1] but found [nginx/1.16.0]
at com.san.testcases.TC003_Post_Employee_Record.checkserverType(TC003_Post_Employee_Record.java:105)
at java.util.ArrayList.forEach(ArrayList.java:1257)
... Removed 32 stack frames]]>
    </failure>
  </testcase> <!-- checkserverType -->
  <testcase name="checkstatusLine" time="0.001" classname="com.san.testcases.TC003_Post_Employee_Record"/>
  <testcase name="checkContentType" time="0.0" classname="com.san.testcases.TC004_Put_Employee_Record">
    <failure type="java.lang.AssertionError" message="expected [text/html; charset=UTF-8] but found [application/json]">
      <![CDATA[java.lang.AssertionError: expected [text/html; charset=UTF-8] but found [application/json]
at com.san.testcases.TC004_Put_Employee_Record.checkContentType(TC004_Put_Employee_Record.java:97)
at java.util.ArrayList.forEach(ArrayList.java:1257)
... Removed 32 stack frames]]>
    </failure>
  </testcase> <!-- checkContentType -->
  <testcase name="checkResposeBody" time="0.001" classname="com.san.testcases.TC004_Put_Employee_Record"/>
  <testcase name="checkStatusCode" time="0.0" classname="com.san.testcases.TC004_Put_Employee_Record"/>
  <testcase name="checkcontentEncoding" time="0.001" classname="com.san.testcases.TC004_Put_Employee_Record">
    <failure type="java.lang.AssertionError" message="did not expect to find [gzip] but found [null]">
      <![CDATA[java.lang.AssertionError: did not expect to find [gzip] but found [null]
at com.san.testcases.TC004_Put_Employee_Record.checkcontentEncoding(TC004_Put_Employee_Record.java:111)
at java.util.ArrayList.forEach(ArrayList.java:1257)
... Removed 33 stack frames]]>
    </failure>
  </testcase> <!-- checkcontentEncoding -->
  <testcase name="checkserverType" time="0.001" classname="com.san.testcases.TC004_Put_Employee_Record"/>
  <testcase name="checkstatusLine" time="0.0" classname="com.san.testcases.TC004_Put_Employee_Record"/>
  <testcase name="checkContentType" time="0.001" classname="com.san.testcases.TC005_Delete_Employee_Record">
    <failure type="java.lang.AssertionError" message="expected [text/html; charset=UTF-8] but found [application/json]">
      <![CDATA[java.lang.AssertionError: expected [text/html; charset=UTF-8] but found [application/json]
at com.san.testcases.TC005_Delete_Employee_Record.checkContentType(TC005_Delete_Employee_Record.java:85)
at java.util.ArrayList.forEach(ArrayList.java:1257)
... Removed 32 stack frames]]>
    </failure>
  </testcase> <!-- checkContentType -->
  <testcase name="checkResposeBody" time="0.001" classname="com.san.testcases.TC005_Delete_Employee_Record">
    <failure type="java.lang.AssertionError" message="expected [true] but found [false]">
      <![CDATA[java.lang.AssertionError: expected [true] but found [false]
at com.san.testcases.TC005_Delete_Employee_Record.checkResposeBody(TC005_Delete_Employee_Record.java:62)
at java.util.ArrayList.forEach(ArrayList.java:1257)
... Removed 32 stack frames]]>
    </failure>
  </testcase> <!-- checkResposeBody -->
  <testcase name="checkStatusCode" time="0.001" classname="com.san.testcases.TC005_Delete_Employee_Record"/>
  <testcase name="checkcontentEncoding" time="0.0" classname="com.san.testcases.TC005_Delete_Employee_Record">
    <failure type="java.lang.AssertionError" message="did not expect to find [gzip] but found [null]">
      <![CDATA[java.lang.AssertionError: did not expect to find [gzip] but found [null]
at com.san.testcases.TC005_Delete_Employee_Record.checkcontentEncoding(TC005_Delete_Employee_Record.java:99)
at java.util.ArrayList.forEach(ArrayList.java:1257)
... Removed 33 stack frames]]>
    </failure>
  </testcase> <!-- checkcontentEncoding -->
  <testcase name="checkserverType" time="0.001" classname="com.san.testcases.TC005_Delete_Employee_Record"/>
  <testcase name="checkstatusLine" time="0.0" classname="com.san.testcases.TC005_Delete_Employee_Record"/>
</testsuite> <!-- Rest Assured Test -->
